<?xml version="1.0" encoding="UTF-8"?>
<!-- Generated by org.testng.reporters.JUnitReportReporter -->
<testsuite hostname="MX-IT03769" failures="0" tests="7" name="TestTwo" time="2.771" errors="0" timestamp="2023-10-13T16:05:42 CST" skipped="0">
  <testcase classname="TestTwo" name="createUser" time="0.493"/>
  <system-out/>
  <testcase classname="TestTwo" name="deleteUser" time="0.560"/>
  <system-out/>
  <testcase classname="TestTwo" name="updateUser" time="0.489"/>
  <system-out/>
  <testcase classname="TestTwo" name="getUserList" time="0.244"/>
  <system-out/>
  <testcase classname="TestTwo" name="getSingleUser" time="0.528"/>
  <system-out/>
  <testcase classname="TestTwo" name="getUser" time="0.234"/>
  <system-out/>
  <testcase classname="TestTwo" name="testGetUser" time="0.223"/>
  <system-out/>
</testsuite> <!-- TestTwo -->
