<?xml version="1.0" encoding="UTF-8"?>
<!-- Generated by org.testng.reporters.JUnitReportReporter -->
<testsuite hostname="MX-IT03769" failures="0" tests="2" name="TestOne" time="2.168" errors="0" timestamp="2023-10-13T16:05:42 CST" skipped="0">
  <testcase classname="TestOne" name="testBadRequest" time="1.616"/>
  <system-out/>
  <testcase classname="TestOne" name="testLoginSuccess" time="0.552"/>
  <system-out/>
</testsuite> <!-- TestOne -->
